<?xml version="1.0" encoding="UTF-8"?>
<!-- Generated by org.testng.reporters.JUnitXMLReporter -->
<testsuite ignored="3" hostname="MA362" failures="1" tests="8" name="Smoke_Test" time="182.135" errors="0" timestamp="2024-03-20T09:44:39 GMT+05:30">
  <testcase classname="com.mercurytours.testcases.SignOnTest" name="signIn" time="6.191"/>
  <testcase classname="com.mercurytours.testcases.SignOnTest" name="VerifyLogo" time="0.39"/>
  <testcase classname="com.mercurytours.testcases.SignOnTest" name="VerifyTitle" time="0.527">
    <failure type="java.lang.AssertionError" message="expected [Login: Mercury Tours] but found [Welcome: Mercury Tours]">
      <![CDATA[java.lang.AssertionError: expected [Login: Mercury Tours] but found [Welcome: Mercury Tours]
at com.mercurytours.testcases.SignOnTest.VerifyTitle(SignOnTest.java:56)
at java.base/java.util.ArrayList.forEach(ArrayList.java:1511)
... Removed 33 stack frames]]>
    </failure>
  </testcase> <!-- VerifyTitle -->
  <testcase classname="com.mercurytours.testcases.FlightTest" name="flightInfo" time="11.868"/>
  <testcase classname="com.mercurytours.testcases.HotelPageTest" name="verifyBackToHome" time="0.48"/>
  <testcase classname="com.mercurytours.testcases.HotelPageTest" name="verifyHotelPage" time="0.374"/>
  <testcase classname="com.mercurytours.testcases.Car_RentalTest" name="VerifyBackToHome" time="0.721"/>
  <testcase classname="com.mercurytours.testcases.Car_RentalTest" name="VerifyCarRental" time="0.386"/>
  <testcase classname="com.mercurytours.base.BaseTest" name="@BeforeTest loadConfig" time="0.0">
    <ignored/>
  </testcase> <!-- @BeforeTest loadConfig -->
  <testcase classname="com.mercurytours.base.BaseTest" name="@BeforeTest loadConfig" time="0.0">
    <ignored/>
  </testcase> <!-- @BeforeTest loadConfig -->
  <testcase classname="com.mercurytours.base.BaseTest" name="@BeforeTest loadConfig" time="0.0">
    <ignored/>
  </testcase> <!-- @BeforeTest loadConfig -->
</testsuite> <!-- Smoke_Test -->
