<html>
<head>
<title>TestNG:  Smoke_Test</title>
<link href="../testng.css" rel="stylesheet" type="text/css" />
<link href="../my-testng.css" rel="stylesheet" type="text/css" />

<style type="text/css">
.log { display: none;} 
.stack-trace { display: none;} 
</style>
<script type="text/javascript">
<!--
function flip(e) {
  current = e.style.display;
  if (current == 'block') {
    e.style.display = 'none';
    return 0;
  }
  else {
    e.style.display = 'block';
    return 1;
  }
}

function toggleBox(szDivId, elem, msg1, msg2)
{
  var res = -1;  if (document.getElementById) {
    res = flip(document.getElementById(szDivId));
  }
  else if (document.all) {
    // this is the way old msie versions work
    res = flip(document.all[szDivId]);
  }
  if(elem) {
    if(res == 0) elem.innerHTML = msg1; else elem.innerHTML = msg2;
  }

}

function toggleAllBoxes() {
  if (document.getElementsByTagName) {
    d = document.getElementsByTagName('div');
    for (i = 0; i < d.length; i++) {
      if (d[i].className == 'log') {
        flip(d[i]);
      }
    }
  }
}

// -->
</script>

</head>
<body>
<h2 align='center'>Smoke_Test</h2><table border='1' align="center">
<tr>
<td>Tests passed/Failed/Skipped:</td><td>7/1/0</td>
</tr><tr>
<td>Started on:</td><td>Wed Mar 20 09:41:36 GMT+05:30 2024</td>
</tr>
<tr><td>Total time:</td><td>182 seconds (182135 ms)</td>
</tr><tr>
<td>Included groups:</td><td></td>
</tr><tr>
<td>Excluded groups:</td><td></td>
</tr>
</table><p/>
<small><i>(Hover the method name to see the test class name)</i></small><p/>
<table width='100%' border='1' class='invocation-failed'>
<tr><td colspan='4' align='center'><b>FAILED TESTS</b></td></tr>
<tr><td><b>Test method</b></td>
<td><b>Attribute(s)</b></td>
<td width="30%"><b>Exception</b></td>
<td width="10%"><b>Time (seconds)</b></td>
<td><b>Instance</b></td>
</tr>
<tr>
<td title='com.mercurytours.testcases.SignOnTest.VerifyTitle()'><b>VerifyTitle</b><br>Test class: com.mercurytours.testcases.SignOnTest<br>Test method: Verify app title</td>
<td><div><pre>java.lang.AssertionError: expected [Login: Mercury Tours] but found [Welcome: Mercury Tours]
	at com.mercurytours.testcases.SignOnTest.VerifyTitle(SignOnTest.java:56)
	at java.base/java.util.ArrayList.forEach(ArrayList.java:1511)
... Removed 33 stack frames</pre></div><a href='#' onClick='toggleBox("stack-trace1679592356", this, "Click to show all stack frames", "Click to hide stack frames")'>Click to show all stack frames</a>
<div class='stack-trace' id='stack-trace1679592356'><pre>java.lang.AssertionError: expected [Login: Mercury Tours] but found [Welcome: Mercury Tours]
	at org.testng.Assert.fail(Assert.java:111)
	at org.testng.Assert.failNotEquals(Assert.java:1578)
	at org.testng.Assert.assertEqualsImpl(Assert.java:150)
	at org.testng.Assert.assertEquals(Assert.java:132)
	at org.testng.Assert.assertEquals(Assert.java:656)
	at org.testng.Assert.assertEquals(Assert.java:666)
	at com.mercurytours.testcases.SignOnTest.VerifyTitle(SignOnTest.java:56)
	at java.base/jdk.internal.reflect.NativeMethodAccessorImpl.invoke0(Native Method)
	at java.base/jdk.internal.reflect.NativeMethodAccessorImpl.invoke(NativeMethodAccessorImpl.java:77)
	at java.base/jdk.internal.reflect.DelegatingMethodAccessorImpl.invoke(DelegatingMethodAccessorImpl.java:43)
	at java.base/java.lang.reflect.Method.invoke(Method.java:568)
	at org.testng.internal.invokers.MethodInvocationHelper.invokeMethod(MethodInvocationHelper.java:139)
	at org.testng.internal.invokers.TestInvoker.invokeMethod(TestInvoker.java:664)
	at org.testng.internal.invokers.TestInvoker.invokeTestMethod(TestInvoker.java:228)
	at org.testng.internal.invokers.MethodRunner.runInSequence(MethodRunner.java:63)
	at org.testng.internal.invokers.TestInvoker$MethodInvocationAgent.invoke(TestInvoker.java:961)
	at org.testng.internal.invokers.TestInvoker.invokeTestMethods(TestInvoker.java:201)
	at org.testng.internal.invokers.TestMethodWorker.invokeTestMethods(TestMethodWorker.java:148)
	at org.testng.internal.invokers.TestMethodWorker.run(TestMethodWorker.java:128)
	at java.base/java.util.ArrayList.forEach(ArrayList.java:1511)
	at org.testng.TestRunner.privateRun(TestRunner.java:819)
	at org.testng.TestRunner.run(TestRunner.java:619)
	at org.testng.SuiteRunner.runTest(SuiteRunner.java:443)
	at org.testng.SuiteRunner.runSequentially(SuiteRunner.java:437)
	at org.testng.SuiteRunner.privateRun(SuiteRunner.java:397)
	at org.testng.SuiteRunner.run(SuiteRunner.java:336)
	at org.testng.SuiteRunnerWorker.runSuite(SuiteRunnerWorker.java:52)
	at org.testng.SuiteRunnerWorker.run(SuiteRunnerWorker.java:95)
	at org.testng.TestNG.runSuitesSequentially(TestNG.java:1301)
	at org.testng.TestNG.runSuitesLocally(TestNG.java:1228)
	at org.testng.TestNG.runSuites(TestNG.java:1134)
	at org.testng.TestNG.run(TestNG.java:1101)
	at org.testng.remote.AbstractRemoteTestNG.run(AbstractRemoteTestNG.java:115)
	at org.testng.remote.RemoteTestNG.initAndRun(RemoteTestNG.java:251)
	at org.testng.remote.RemoteTestNG.main(RemoteTestNG.java:77)
</pre></div></td>
<td>0</td>
<td>com.mercurytours.testcases.SignOnTest@49bd54f7</td></tr>
</table><p>
<table width='100%' border='1' class='invocation-passed'>
<tr><td colspan='4' align='center'><b>PASSED TESTS</b></td></tr>
<tr><td><b>Test method</b></td>
<td><b>Attribute(s)</b></td>
<td width="30%"><b>Exception</b></td>
<td width="10%"><b>Time (seconds)</b></td>
<td><b>Instance</b></td>
</tr>
<tr>
<td title='com.mercurytours.testcases.HotelPageTest.verifyHotelPage()'><b>verifyHotelPage</b><br>Test class: com.mercurytours.testcases.HotelPageTest<br>Test method: Verify hotels click info page</td>
<td></td>
<td>0</td>
<td>com.mercurytours.testcases.HotelPageTest@5dda14d0</td></tr>
<tr>
<td title='com.mercurytours.testcases.SignOnTest.VerifyLogo()'><b>VerifyLogo</b><br>Test class: com.mercurytours.testcases.SignOnTest<br>Test method: Verify application logo</td>
<td></td>
<td>0</td>
<td>com.mercurytours.testcases.SignOnTest@49bd54f7</td></tr>
<tr>
<td title='com.mercurytours.testcases.SignOnTest.signIn()'><b>signIn</b><br>Test class: com.mercurytours.testcases.SignOnTest<br>Test method: Verify user login details</td>
<td></td>
<td>6</td>
<td>com.mercurytours.testcases.SignOnTest@49bd54f7</td></tr>
<tr>
<td title='com.mercurytours.testcases.HotelPageTest.verifyBackToHome()'><b>verifyBackToHome</b><br>Test class: com.mercurytours.testcases.HotelPageTest<br>Test method: Verify click on back to home button</td>
<td></td>
<td>0</td>
<td>com.mercurytours.testcases.HotelPageTest@5dda14d0</td></tr>
<tr>
<td title='com.mercurytours.testcases.Car_RentalTest.VerifyCarRental()'><b>VerifyCarRental</b><br>Test class: com.mercurytours.testcases.Car_RentalTest</td>
<td></td>
<td>0</td>
<td>com.mercurytours.testcases.Car_RentalTest@25230246</td></tr>
<tr>
<td title='com.mercurytours.testcases.FlightTest.flightInfo()'><b>flightInfo</b><br>Test class: com.mercurytours.testcases.FlightTest<br>Test method: Verify passenger flight details information</td>
<td></td>
<td>11</td>
<td>com.mercurytours.testcases.FlightTest@60b85ba1</td></tr>
<tr>
<td title='com.mercurytours.testcases.Car_RentalTest.VerifyBackToHome()'><b>VerifyBackToHome</b><br>Test class: com.mercurytours.testcases.Car_RentalTest</td>
<td></td>
<td>0</td>
<td>com.mercurytours.testcases.Car_RentalTest@25230246</td></tr>
</table><p>
</body>
</html>