<?xml version="1.0" encoding="UTF-8"?>
<!-- Generated by org.testng.reporters.JUnitXMLReporter -->
<testsuite ignored="3" hostname="MA362" failures="1" tests="7" name="Test" time="100.005" errors="0" timestamp="2024-03-18T15:09:18 GMT+05:30">
  <testcase classname="com.mercurytours.testcases.SignOnTest" name="signIn" time="8.424"/>
  <testcase classname="com.mercurytours.testcases.SignOnTest" name="VerifyLogo" time="0.274"/>
  <testcase classname="com.mercurytours.testcases.SignOnTest" name="VerifyTitle" time="0.057"/>
  <testcase classname="com.mercurytours.testcases.FlightTest" name="flightInfo" time="7.698"/>
  <testcase classname="com.mercurytours.testcases.HotelPageTest" name="verifyBackToHome" time="0.317"/>
  <testcase classname="com.mercurytours.testcases.HotelPageTest" name="verifyHotelPage" time="0.136"/>
  <testcase classname="com.mercurytours.testcases.Car_RentalTest" name="VerifyCarRental" time="0.351">
    <failure type="org.openqa.selenium.ElementClickInterceptedException" message="Element &amp;lt;td&amp;gt; is not clickable at point (282,775) because another element &amp;lt;iframe id=&amp;quot;google_ads_iframe_/24132379/INTERSTITIAL_DemoGuru99_0&amp;quot; name=&amp;quot;&amp;quot; src=&amp;quot;https://58779a021bb812dbc30cbc9ba6e165bc.safeframe.googlesyndication.com/safeframe/1-0-40/html/container.html&amp;quot;&amp;gt; obscures it
Build info: version: &amp;apos;4.18.1&amp;apos;, revision: &amp;apos;b1d3319b48&amp;apos;
System info: os.name: &amp;apos;Windows 10&amp;apos;, os.arch: &amp;apos;amd64&amp;apos;, os.version: &amp;apos;10.0&amp;apos;, java.version: &amp;apos;17.0.10&amp;apos;
Driver info: org.openqa.selenium.firefox.FirefoxDriver
Command: [876b5320-1d77-42f9-9ba3-2d3249e10480, clickElement {id=9b4b520b-619a-440a-b8e0-b5d597a0d251}]
Capabilities {acceptInsecureCerts: true, browserName: firefox, browserVersion: 123.0.1, moz:accessibilityChecks: false, moz:buildID: 20240304104836, moz:debuggerAddress: 127.0.0.1:46221, moz:geckodriverVersion: 0.34.0, moz:headless: false, moz:platformVersion: 10.0, moz:processID: 15288, moz:profile: C:\Users\RAHUL~1.JAM\AppDat..., moz:shutdownTimeout: 60000, moz:webdriverClick: true, moz:windowless: false, pageLoadStrategy: normal, platformName: windows, proxy: Proxy(), se:cdp: ws://127.0.0.1:46221/devtoo..., se:cdpVersion: 85.0, setWindowRect: true, strictFileInteractability: false, timeouts: {implicit: 0, pageLoad: 300000, script: 30000}, unhandledPromptBehavior: dismiss and notify}
Element: [[FirefoxDriver: firefox on windows (876b5320-1d77-42f9-9ba3-2d3249e10480)] -&amp;gt; xpath: //*[@colspan=&amp;apos;2&amp;apos;]]
Session ID: 876b5320-1d77-42f9-9ba3-2d3249e10480">
      <![CDATA[org.openqa.selenium.ElementClickInterceptedException: Element <td> is not clickable at point (282,775) because another element <iframe id="google_ads_iframe_/24132379/INTERSTITIAL_DemoGuru99_0" name="" src="https://58779a021bb812dbc30cbc9ba6e165bc.safeframe.googlesyndication.com/safeframe/1-0-40/html/container.html"> obscures it
Build info: version: '4.18.1', revision: 'b1d3319b48'
System info: os.name: 'Windows 10', os.arch: 'amd64', os.version: '10.0', java.version: '17.0.10'
Driver info: org.openqa.selenium.firefox.FirefoxDriver
Command: [876b5320-1d77-42f9-9ba3-2d3249e10480, clickElement {id=9b4b520b-619a-440a-b8e0-b5d597a0d251}]
Capabilities {acceptInsecureCerts: true, browserName: firefox, browserVersion: 123.0.1, moz:accessibilityChecks: false, moz:buildID: 20240304104836, moz:debuggerAddress: 127.0.0.1:46221, moz:geckodriverVersion: 0.34.0, moz:headless: false, moz:platformVersion: 10.0, moz:processID: 15288, moz:profile: C:\Users\RAHUL~1.JAM\AppDat..., moz:shutdownTimeout: 60000, moz:webdriverClick: true, moz:windowless: false, pageLoadStrategy: normal, platformName: windows, proxy: Proxy(), se:cdp: ws://127.0.0.1:46221/devtoo..., se:cdpVersion: 85.0, setWindowRect: true, strictFileInteractability: false, timeouts: {implicit: 0, pageLoad: 300000, script: 30000}, unhandledPromptBehavior: dismiss and notify}
Element: [[FirefoxDriver: firefox on windows (876b5320-1d77-42f9-9ba3-2d3249e10480)] -> xpath: //*[@colspan='2']]
Session ID: 876b5320-1d77-42f9-9ba3-2d3249e10480
at org.openqa.selenium.remote.ErrorCodec.decode(ErrorCodec.java:167)
at org.openqa.selenium.remote.codec.w3c.W3CHttpResponseCodec.decode(W3CHttpResponseCodec.java:138)
at org.openqa.selenium.remote.codec.w3c.W3CHttpResponseCodec.decode(W3CHttpResponseCodec.java:50)
at org.openqa.selenium.remote.HttpCommandExecutor.execute(HttpCommandExecutor.java:190)
at org.openqa.selenium.remote.service.DriverCommandExecutor.invokeExecute(DriverCommandExecutor.java:216)
at org.openqa.selenium.remote.service.DriverCommandExecutor.execute(DriverCommandExecutor.java:174)
at org.openqa.selenium.remote.RemoteWebDriver.execute(RemoteWebDriver.java:519)
at org.openqa.selenium.remote.RemoteWebElement.execute(RemoteWebElement.java:223)
at org.openqa.selenium.remote.RemoteWebElement.click(RemoteWebElement.java:76)
at com.mercurytours.pom.pages.Car_RentalsPage.backToHome(Car_RentalsPage.java:28)
at com.mercurytours.testcases.Car_RentalTest.VerifyCarRental(Car_RentalTest.java:25)
at java.base/java.util.ArrayList.forEach(ArrayList.java:1511)
... Removed 32 stack frames]]>
    </failure>
  </testcase> <!-- VerifyCarRental -->
  <testcase classname="com.mercurytours.base.BaseTest" name="@BeforeTest loadConfig" time="0.0">
    <ignored/>
  </testcase> <!-- @BeforeTest loadConfig -->
  <testcase classname="com.mercurytours.base.BaseTest" name="@BeforeTest loadConfig" time="0.0">
    <ignored/>
  </testcase> <!-- @BeforeTest loadConfig -->
  <testcase classname="com.mercurytours.base.BaseTest" name="@BeforeTest loadConfig" time="0.0">
    <ignored/>
  </testcase> <!-- @BeforeTest loadConfig -->
</testsuite> <!-- Test -->
