<?xml version="1.0" encoding="UTF-8"?>
<testng-results ignored="0" total="8" passed="7" failed="1" skipped="0">
  <reporter-output>
  </reporter-output>
  <suite started-at="2024-03-20T09:41:36 GMT+05:30" name="Suite" finished-at="2024-03-20T09:44:39 GMT+05:30" duration-ms="182135">
    <groups>
    </groups>
    <test started-at="2024-03-20T09:41:36 GMT+05:30" name="Smoke_Test" finished-at="2024-03-20T09:44:39 GMT+05:30" duration-ms="182135">
      <class name="com.mercurytours.testcases.FlightTest">
        <test-method is-config="true" signature="setup()[pri:0, instance:com.mercurytours.testcases.FlightTest@60b85ba1]" started-at="2024-03-20T09:42:49 GMT+05:30" name="setup" finished-at="2024-03-20T09:43:05 GMT+05:30" duration-ms="15715" status="PASS">
          <reporter-output>
          </reporter-output>
        </test-method> <!-- setup -->
        <test-method signature="flightInfo()[pri:0, instance:com.mercurytours.testcases.FlightTest@60b85ba1]" started-at="2024-03-20T09:43:05 GMT+05:30" name="flightInfo" description="Verify passenger flight details information" finished-at="2024-03-20T09:43:17 GMT+05:30" duration-ms="11868" status="PASS">
          <reporter-output>
          </reporter-output>
        </test-method> <!-- flightInfo -->
        <test-method is-config="true" signature="tearDown()[pri:0, instance:com.mercurytours.testcases.FlightTest@60b85ba1]" started-at="2024-03-20T09:43:17 GMT+05:30" name="tearDown" finished-at="2024-03-20T09:43:19 GMT+05:30" duration-ms="2439" status="PASS">
          <reporter-output>
          </reporter-output>
        </test-method> <!-- tearDown -->
      </class> <!-- com.mercurytours.testcases.FlightTest -->
      <class name="com.mercurytours.testcases.Car_RentalTest">
        <test-method is-config="true" signature="setup()[pri:0, instance:com.mercurytours.testcases.Car_RentalTest@25230246]" started-at="2024-03-20T09:44:01 GMT+05:30" name="setup" finished-at="2024-03-20T09:44:15 GMT+05:30" duration-ms="14145" status="PASS">
          <reporter-output>
          </reporter-output>
        </test-method> <!-- setup -->
        <test-method signature="VerifyBackToHome()[pri:0, instance:com.mercurytours.testcases.Car_RentalTest@25230246]" started-at="2024-03-20T09:44:15 GMT+05:30" name="VerifyBackToHome" finished-at="2024-03-20T09:44:16 GMT+05:30" duration-ms="721" status="PASS">
          <reporter-output>
          </reporter-output>
        </test-method> <!-- VerifyBackToHome -->
        <test-method is-config="true" signature="tearDown()[pri:0, instance:com.mercurytours.testcases.Car_RentalTest@25230246]" started-at="2024-03-20T09:44:16 GMT+05:30" name="tearDown" finished-at="2024-03-20T09:44:19 GMT+05:30" duration-ms="3106" status="PASS">
          <reporter-output>
          </reporter-output>
        </test-method> <!-- tearDown -->
        <test-method is-config="true" signature="setup()[pri:0, instance:com.mercurytours.testcases.Car_RentalTest@25230246]" started-at="2024-03-20T09:44:19 GMT+05:30" name="setup" finished-at="2024-03-20T09:44:34 GMT+05:30" duration-ms="15355" status="PASS">
          <reporter-output>
          </reporter-output>
        </test-method> <!-- setup -->
        <test-method signature="VerifyCarRental()[pri:0, instance:com.mercurytours.testcases.Car_RentalTest@25230246]" started-at="2024-03-20T09:44:34 GMT+05:30" name="VerifyCarRental" finished-at="2024-03-20T09:44:35 GMT+05:30" duration-ms="386" status="PASS">
          <reporter-output>
          </reporter-output>
        </test-method> <!-- VerifyCarRental -->
        <test-method is-config="true" signature="tearDown()[pri:0, instance:com.mercurytours.testcases.Car_RentalTest@25230246]" started-at="2024-03-20T09:44:35 GMT+05:30" name="tearDown" finished-at="2024-03-20T09:44:39 GMT+05:30" duration-ms="3857" status="PASS">
          <reporter-output>
          </reporter-output>
        </test-method> <!-- tearDown -->
      </class> <!-- com.mercurytours.testcases.Car_RentalTest -->
      <class name="com.mercurytours.testcases.SignOnTest">
        <test-method is-config="true" signature="loadConfig()[pri:0, instance:com.mercurytours.testcases.SignOnTest@49bd54f7]" started-at="2024-03-20T09:41:36 GMT+05:30" name="loadConfig" finished-at="2024-03-20T09:41:36 GMT+05:30" duration-ms="53" status="PASS">
          <reporter-output>
          </reporter-output>
        </test-method> <!-- loadConfig -->
        <test-method is-config="true" signature="setup()[pri:0, instance:com.mercurytours.testcases.SignOnTest@49bd54f7]" started-at="2024-03-20T09:41:37 GMT+05:30" name="setup" finished-at="2024-03-20T09:41:57 GMT+05:30" duration-ms="20585" status="PASS">
          <reporter-output>
          </reporter-output>
        </test-method> <!-- setup -->
        <test-method signature="signIn()[pri:1, instance:com.mercurytours.testcases.SignOnTest@49bd54f7]" started-at="2024-03-20T09:41:57 GMT+05:30" name="signIn" description="Verify user login details" finished-at="2024-03-20T09:42:04 GMT+05:30" duration-ms="6191" status="PASS">
          <reporter-output>
          </reporter-output>
        </test-method> <!-- signIn -->
        <test-method is-config="true" signature="tearDown()[pri:0, instance:com.mercurytours.testcases.SignOnTest@49bd54f7]" started-at="2024-03-20T09:42:04 GMT+05:30" name="tearDown" finished-at="2024-03-20T09:42:07 GMT+05:30" duration-ms="3439" status="PASS">
          <reporter-output>
          </reporter-output>
        </test-method> <!-- tearDown -->
        <test-method is-config="true" signature="setup()[pri:0, instance:com.mercurytours.testcases.SignOnTest@49bd54f7]" started-at="2024-03-20T09:42:07 GMT+05:30" name="setup" finished-at="2024-03-20T09:42:24 GMT+05:30" duration-ms="17060" status="PASS">
          <reporter-output>
          </reporter-output>
        </test-method> <!-- setup -->
        <test-method signature="VerifyLogo()[pri:2, instance:com.mercurytours.testcases.SignOnTest@49bd54f7]" started-at="2024-03-20T09:42:24 GMT+05:30" name="VerifyLogo" description="Verify application logo" finished-at="2024-03-20T09:42:25 GMT+05:30" duration-ms="390" status="PASS">
          <reporter-output>
          </reporter-output>
        </test-method> <!-- VerifyLogo -->
        <test-method is-config="true" signature="tearDown()[pri:0, instance:com.mercurytours.testcases.SignOnTest@49bd54f7]" started-at="2024-03-20T09:42:25 GMT+05:30" name="tearDown" finished-at="2024-03-20T09:42:29 GMT+05:30" duration-ms="4045" status="PASS">
          <reporter-output>
          </reporter-output>
        </test-method> <!-- tearDown -->
        <test-method is-config="true" signature="setup()[pri:0, instance:com.mercurytours.testcases.SignOnTest@49bd54f7]" started-at="2024-03-20T09:42:29 GMT+05:30" name="setup" finished-at="2024-03-20T09:42:45 GMT+05:30" duration-ms="15944" status="PASS">
          <reporter-output>
          </reporter-output>
        </test-method> <!-- setup -->
        <test-method signature="VerifyTitle()[pri:3, instance:com.mercurytours.testcases.SignOnTest@49bd54f7]" started-at="2024-03-20T09:42:45 GMT+05:30" name="VerifyTitle" description="Verify app title" finished-at="2024-03-20T09:42:45 GMT+05:30" duration-ms="527" status="FAIL">
          <exception class="java.lang.AssertionError">
            <message>
              <![CDATA[expected [Login: Mercury Tours] but found [Welcome: Mercury Tours]]]>
            </message>
            <full-stacktrace>
              <![CDATA[java.lang.AssertionError: expected [Login: Mercury Tours] but found [Welcome: Mercury Tours]
at org.testng.Assert.fail(Assert.java:111)
at org.testng.Assert.failNotEquals(Assert.java:1578)
at org.testng.Assert.assertEqualsImpl(Assert.java:150)
at org.testng.Assert.assertEquals(Assert.java:132)
at org.testng.Assert.assertEquals(Assert.java:656)
at org.testng.Assert.assertEquals(Assert.java:666)
at com.mercurytours.testcases.SignOnTest.VerifyTitle(SignOnTest.java:56)
at java.base/jdk.internal.reflect.NativeMethodAccessorImpl.invoke0(Native Method)
at java.base/jdk.internal.reflect.NativeMethodAccessorImpl.invoke(NativeMethodAccessorImpl.java:77)
at java.base/jdk.internal.reflect.DelegatingMethodAccessorImpl.invoke(DelegatingMethodAccessorImpl.java:43)
at java.base/java.lang.reflect.Method.invoke(Method.java:568)
at org.testng.internal.invokers.MethodInvocationHelper.invokeMethod(MethodInvocationHelper.java:139)
at org.testng.internal.invokers.TestInvoker.invokeMethod(TestInvoker.java:664)
at org.testng.internal.invokers.TestInvoker.invokeTestMethod(TestInvoker.java:228)
at org.testng.internal.invokers.MethodRunner.runInSequence(MethodRunner.java:63)
at org.testng.internal.invokers.TestInvoker$MethodInvocationAgent.invoke(TestInvoker.java:961)
at org.testng.internal.invokers.TestInvoker.invokeTestMethods(TestInvoker.java:201)
at org.testng.internal.invokers.TestMethodWorker.invokeTestMethods(TestMethodWorker.java:148)
at org.testng.internal.invokers.TestMethodWorker.run(TestMethodWorker.java:128)
at java.base/java.util.ArrayList.forEach(ArrayList.java:1511)
at org.testng.TestRunner.privateRun(TestRunner.java:819)
at org.testng.TestRunner.run(TestRunner.java:619)
at org.testng.SuiteRunner.runTest(SuiteRunner.java:443)
at org.testng.SuiteRunner.runSequentially(SuiteRunner.java:437)
at org.testng.SuiteRunner.privateRun(SuiteRunner.java:397)
at org.testng.SuiteRunner.run(SuiteRunner.java:336)
at org.testng.SuiteRunnerWorker.runSuite(SuiteRunnerWorker.java:52)
at org.testng.SuiteRunnerWorker.run(SuiteRunnerWorker.java:95)
at org.testng.TestNG.runSuitesSequentially(TestNG.java:1301)
at org.testng.TestNG.runSuitesLocally(TestNG.java:1228)
at org.testng.TestNG.runSuites(TestNG.java:1134)
at org.testng.TestNG.run(TestNG.java:1101)
at org.testng.remote.AbstractRemoteTestNG.run(AbstractRemoteTestNG.java:115)
at org.testng.remote.RemoteTestNG.initAndRun(RemoteTestNG.java:251)
at org.testng.remote.RemoteTestNG.main(RemoteTestNG.java:77)
]]>
            </full-stacktrace>
          </exception> <!-- java.lang.AssertionError -->
          <reporter-output>
          </reporter-output>
        </test-method> <!-- VerifyTitle -->
        <test-method is-config="true" signature="tearDown()[pri:0, instance:com.mercurytours.testcases.SignOnTest@49bd54f7]" started-at="2024-03-20T09:42:46 GMT+05:30" name="tearDown" finished-at="2024-03-20T09:42:49 GMT+05:30" duration-ms="3877" status="PASS">
          <reporter-output>
          </reporter-output>
        </test-method> <!-- tearDown -->
      </class> <!-- com.mercurytours.testcases.SignOnTest -->
      <class name="com.mercurytours.testcases.HotelPageTest">
        <test-method is-config="true" signature="setup()[pri:0, instance:com.mercurytours.testcases.HotelPageTest@5dda14d0]" started-at="2024-03-20T09:43:19 GMT+05:30" name="setup" finished-at="2024-03-20T09:43:35 GMT+05:30" duration-ms="15983" status="PASS">
          <reporter-output>
          </reporter-output>
        </test-method> <!-- setup -->
        <test-method signature="verifyBackToHome()[pri:0, instance:com.mercurytours.testcases.HotelPageTest@5dda14d0]" started-at="2024-03-20T09:43:35 GMT+05:30" name="verifyBackToHome" description="Verify click on back to home button" finished-at="2024-03-20T09:43:36 GMT+05:30" duration-ms="480" status="PASS">
          <reporter-output>
          </reporter-output>
        </test-method> <!-- verifyBackToHome -->
        <test-method is-config="true" signature="tearDown()[pri:0, instance:com.mercurytours.testcases.HotelPageTest@5dda14d0]" started-at="2024-03-20T09:43:36 GMT+05:30" name="tearDown" finished-at="2024-03-20T09:43:40 GMT+05:30" duration-ms="4179" status="PASS">
          <reporter-output>
          </reporter-output>
        </test-method> <!-- tearDown -->
        <test-method is-config="true" signature="setup()[pri:0, instance:com.mercurytours.testcases.HotelPageTest@5dda14d0]" started-at="2024-03-20T09:43:40 GMT+05:30" name="setup" finished-at="2024-03-20T09:43:56 GMT+05:30" duration-ms="15675" status="PASS">
          <reporter-output>
          </reporter-output>
        </test-method> <!-- setup -->
        <test-method signature="verifyHotelPage()[pri:0, instance:com.mercurytours.testcases.HotelPageTest@5dda14d0]" started-at="2024-03-20T09:43:56 GMT+05:30" name="verifyHotelPage" description="Verify hotels click info page" finished-at="2024-03-20T09:43:56 GMT+05:30" duration-ms="374" status="PASS">
          <reporter-output>
          </reporter-output>
        </test-method> <!-- verifyHotelPage -->
        <test-method is-config="true" signature="tearDown()[pri:0, instance:com.mercurytours.testcases.HotelPageTest@5dda14d0]" started-at="2024-03-20T09:43:56 GMT+05:30" name="tearDown" finished-at="2024-03-20T09:44:01 GMT+05:30" duration-ms="4711" status="PASS">
          <reporter-output>
          </reporter-output>
        </test-method> <!-- tearDown -->
      </class> <!-- com.mercurytours.testcases.HotelPageTest -->
    </test> <!-- Smoke_Test -->
  </suite> <!-- Suite -->
</testng-results>
